{
  "stats": {
    "suites": 2,
    "tests": 2,
    "passes": 0,
    "pending": 0,
    "failures": 2,
    "start": "2024-06-19T08:44:21.665Z",
    "end": "2024-06-19T08:44:31.019Z",
    "duration": 9354,
    "testsRegistered": 2,
    "passPercent": 0,
    "pendingPercent": 0,
    "other": 0,
    "hasOther": false,
    "skipped": 0,
    "hasSkipped": false
  },
  "results": [
    {
      "uuid": "8cde7d87-454d-4bcf-9adf-705f8f3eadbf",
      "title": "",
      "fullFile": "",
      "file": "",
      "beforeHooks": [],
      "afterHooks": [],
      "tests": [],
      "suites": [
        {
          "uuid": "331e5924-75c9-47fd-88d2-4231233a3103",
          "title": "account",
          "fullFile": "E:\\codes\\ui-automation\\account_test.js",
          "file": "\\account_test.js",
          "beforeHooks": [
            {
              "title": "\"before all\" hook: codeceptjs.beforeSuite",
              "fullTitle": "account \"before all\" hook: codeceptjs.beforeSuite",
              "timedOut": false,
              "duration": 0,
              "state": null,
              "speed": null,
              "pass": false,
              "fail": false,
              "pending": false,
              "context": null,
              "code": "scenario.suiteSetup(suite)",
              "err": {},
              "uuid": "2753a63b-4eee-422a-bda5-e0fae6d6d19f",
              "parentUUID": null,
              "isHook": true,
              "skipped": false
            },
            {
              "title": "\"before each\" hook: codeceptjs.before",
              "fullTitle": "account \"before each\" hook: codeceptjs.before",
              "timedOut": false,
              "duration": 0,
              "state": null,
              "speed": null,
              "pass": false,
              "fail": false,
              "pending": false,
              "context": null,
              "code": "scenario.setup(suite)",
              "err": {},
              "uuid": "3e92615e-9252-438f-9125-b81fb88e0bc9",
              "parentUUID": null,
              "isHook": true,
              "skipped": false
            }
          ],
          "afterHooks": [],
          "tests": [],
          "suites": [],
          "passes": [],
          "failures": [],
          "pending": [],
          "skipped": [],
          "duration": 0,
          "root": false,
          "rootEmpty": false,
          "_timeout": 0
        },
        {
          "uuid": "ed95fb4a-0f4c-4ce8-93e1-1fb8e43fd153",
          "title": "account",
          "fullFile": "E:\\codes\\ui-automation\\account_test.js",
          "file": "\\account_test.js",
          "beforeHooks": [
            {
              "title": "\"before all\" hook: codeceptjs.beforeSuite in \"account\"",
              "fullTitle": "account \"before all\" hook: codeceptjs.beforeSuite in \"account\"",
              "timedOut": false,
              "duration": 1,
              "state": null,
              "speed": null,
              "pass": false,
              "fail": false,
              "pending": false,
              "context": null,
              "code": "scenario.suiteSetup(suite)",
              "err": {},
              "uuid": "39201a92-e383-441d-897e-2994ed16c41c",
              "parentUUID": "ed95fb4a-0f4c-4ce8-93e1-1fb8e43fd153",
              "isHook": true,
              "skipped": false
            },
            {
              "title": "\"before each\" hook: codeceptjs.before in \"account\"",
              "fullTitle": "account \"before each\" hook: codeceptjs.before in \"account\"",
              "timedOut": false,
              "duration": 1545,
              "state": null,
              "speed": null,
              "pass": false,
              "fail": false,
              "pending": false,
              "context": null,
              "code": "scenario.setup(suite)",
              "err": {},
              "uuid": "6fec6c58-0024-4974-846b-880370f5b611",
              "parentUUID": "ed95fb4a-0f4c-4ce8-93e1-1fb8e43fd153",
              "isHook": true,
              "skipped": false
            }
          ],
          "afterHooks": [
            {
              "title": "\"after all\" hook: codeceptjs.afterSuite in \"account\"",
              "fullTitle": "account \"after all\" hook: codeceptjs.afterSuite in \"account\"",
              "timedOut": false,
              "duration": 0,
              "state": null,
              "speed": null,
              "pass": false,
              "fail": false,
              "pending": false,
              "context": null,
              "code": "scenario.suiteTeardown(suite)",
              "err": {},
              "uuid": "aaaf6fea-e5d7-4da6-a627-d47df34ee771",
              "parentUUID": "ed95fb4a-0f4c-4ce8-93e1-1fb8e43fd153",
              "isHook": true,
              "skipped": false
            },
            {
              "title": "\"after each\" hook: finalize codeceptjs in \"account\"",
              "fullTitle": "account \"after each\" hook: finalize codeceptjs in \"account\"",
              "timedOut": false,
              "duration": 263,
              "state": null,
              "speed": null,
              "pass": false,
              "fail": false,
              "pending": false,
              "context": null,
              "code": "scenario.teardown(suite)",
              "err": {},
              "uuid": "7fdcb1f8-8981-4fae-b763-c65073c0b530",
              "parentUUID": "ed95fb4a-0f4c-4ce8-93e1-1fb8e43fd153",
              "isHook": true,
              "skipped": false
            }
          ],
          "tests": [
            {
              "title": "test something",
              "fullTitle": "account: test something",
              "timedOut": false,
              "duration": 2862,
              "state": "failed",
              "speed": null,
              "pass": false,
              "fail": true,
              "pending": false,
              "context": "[\n  \"I.amOnPage('https://baidu.com')\",\n  \" I.waitForElement(constants.INPUT_BAIDU_SEARCH)\",\n  \"test_somet_7c7a1439-10f3-4f5a-a341-045bda137e99.failed.png\"\n]",
              "code": "I }) => {\n    I.addMochawesomeContext(\"I.amOnPage('https://baidu.com')\")\n    I.amOnPage('https://baidu.com');\n    I.addMochawesomeContext(\" I.waitForElement(constants.INPUT_BAIDU_SEARCH)\")\n    I.waitForElement(constants.INPUT_BAIDU_SEARCH);\n    I.addMochawesomeContext(\"I.fillField(constants.INPUT_BAIDU_SEARCH, 'ghost');\")\n    I.fillField(constants.INPUT_BAIDU_SEARCH, 'ghost');\n    I.addMochawesomeContext(\"I.click(constants.SUBMIT);\")\n    I.click(constants.SUBMIT);\n    I.addMochawesomeContext(\"I.see('百度为您找到以下结果');\")\n    I.see('百度为您找到以下结果');",
              "err": {
                "message": "Error: element ({css: input[id=3333kw]}) still not present on page after 1 sec\nWaiting for selector `input[id=3333kw]` failed: Waiting failed: 1000ms exceeded",
                "estack": "Error: element ({css: input[id=3333kw]}) still not present on page after 1 sec\nWaiting for selector `input[id=3333kw]` failed: Waiting failed: 1000ms exceeded\n    at E:\\codes\\ui-automation\\node_modules\\codeceptjs\\lib\\helper\\Puppeteer.js:2148:13",
                "diff": null
              },
              "uuid": "7c7a1439-10f3-4f5a-a341-045bda137e99",
              "parentUUID": "ed95fb4a-0f4c-4ce8-93e1-1fb8e43fd153",
              "isHook": false,
              "skipped": false
            }
          ],
          "suites": [],
          "passes": [],
          "failures": [
            "7c7a1439-10f3-4f5a-a341-045bda137e99"
          ],
          "pending": [],
          "skipped": [],
          "duration": 2862,
          "root": false,
          "rootEmpty": false,
          "_timeout": 0
        },
        {
          "uuid": "23fbbc9e-e69b-4e5a-9e1e-03eb6101e9ae",
          "title": "login",
          "fullFile": "E:\\codes\\ui-automation\\login_test.js",
          "file": "\\login_test.js",
          "beforeHooks": [
            {
              "title": "\"before all\" hook: codeceptjs.beforeSuite",
              "fullTitle": "login \"before all\" hook: codeceptjs.beforeSuite",
              "timedOut": false,
              "duration": 0,
              "state": null,
              "speed": null,
              "pass": false,
              "fail": false,
              "pending": false,
              "context": null,
              "code": "scenario.suiteSetup(suite)",
              "err": {},
              "uuid": "9d18f15b-cfb3-4797-9e8b-efc43f6d119a",
              "parentUUID": null,
              "isHook": true,
              "skipped": false
            },
            {
              "title": "\"before each\" hook: codeceptjs.before",
              "fullTitle": "login \"before each\" hook: codeceptjs.before",
              "timedOut": false,
              "duration": 0,
              "state": null,
              "speed": null,
              "pass": false,
              "fail": false,
              "pending": false,
              "context": null,
              "code": "scenario.setup(suite)",
              "err": {},
              "uuid": "59588157-065b-4ffb-bd82-c53af3bb967a",
              "parentUUID": null,
              "isHook": true,
              "skipped": false
            }
          ],
          "afterHooks": [],
          "tests": [],
          "suites": [],
          "passes": [],
          "failures": [],
          "pending": [],
          "skipped": [],
          "duration": 0,
          "root": false,
          "rootEmpty": false,
          "_timeout": 0
        },
        {
          "uuid": "b3ee26dd-178c-4da2-bbb6-8c5af66f70c1",
          "title": "login",
          "fullFile": "E:\\codes\\ui-automation\\login_test.js",
          "file": "\\login_test.js",
          "beforeHooks": [
            {
              "title": "\"before all\" hook: codeceptjs.beforeSuite in \"login\"",
              "fullTitle": "login \"before all\" hook: codeceptjs.beforeSuite in \"login\"",
              "timedOut": false,
              "duration": 1,
              "state": null,
              "speed": null,
              "pass": false,
              "fail": false,
              "pending": false,
              "context": null,
              "code": "scenario.suiteSetup(suite)",
              "err": {},
              "uuid": "9c2d2e13-2d31-4f0b-8a10-efe0de5ed2e5",
              "parentUUID": "b3ee26dd-178c-4da2-bbb6-8c5af66f70c1",
              "isHook": true,
              "skipped": false
            },
            {
              "title": "\"before each\" hook: codeceptjs.before in \"login\"",
              "fullTitle": "login \"before each\" hook: codeceptjs.before in \"login\"",
              "timedOut": false,
              "duration": 1689,
              "state": null,
              "speed": null,
              "pass": false,
              "fail": false,
              "pending": false,
              "context": null,
              "code": "scenario.setup(suite)",
              "err": {},
              "uuid": "89577269-1251-4dd6-8307-47000ea2497e",
              "parentUUID": "b3ee26dd-178c-4da2-bbb6-8c5af66f70c1",
              "isHook": true,
              "skipped": false
            }
          ],
          "afterHooks": [
            {
              "title": "\"after all\" hook: codeceptjs.afterSuite in \"login\"",
              "fullTitle": "login \"after all\" hook: codeceptjs.afterSuite in \"login\"",
              "timedOut": false,
              "duration": 0,
              "state": null,
              "speed": null,
              "pass": false,
              "fail": false,
              "pending": false,
              "context": null,
              "code": "scenario.suiteTeardown(suite)",
              "err": {},
              "uuid": "1e2ac39e-0ddc-4bb4-943c-43c564d3209a",
              "parentUUID": "b3ee26dd-178c-4da2-bbb6-8c5af66f70c1",
              "isHook": true,
              "skipped": false
            },
            {
              "title": "\"after each\" hook: finalize codeceptjs in \"login\"",
              "fullTitle": "login \"after each\" hook: finalize codeceptjs in \"login\"",
              "timedOut": false,
              "duration": 273,
              "state": null,
              "speed": null,
              "pass": false,
              "fail": false,
              "pending": false,
              "context": null,
              "code": "scenario.teardown(suite)",
              "err": {},
              "uuid": "7ae43f86-e012-4693-aff7-dc39a629b4c0",
              "parentUUID": "b3ee26dd-178c-4da2-bbb6-8c5af66f70c1",
              "isHook": true,
              "skipped": false
            }
          ],
          "tests": [
            {
              "title": "test something",
              "fullTitle": "login: test something",
              "timedOut": false,
              "duration": 2714,
              "state": "failed",
              "speed": null,
              "pass": false,
              "fail": true,
              "pending": false,
              "context": "[\n  \"I.amOnPage('https://baidu.com')\",\n  \" I.waitForElement(constants.INPUT_BAIDU_SEARCH)\",\n  \"test_somet_4ee52845-0b99-46fe-8208-46dc1821d13e.failed.png\"\n]",
              "code": "I }) => {\n    I.addMochawesomeContext(\"I.amOnPage('https://baidu.com')\")\n    I.amOnPage('https://baidu.com');\n    I.addMochawesomeContext(\" I.waitForElement(constants.INPUT_BAIDU_SEARCH)\")\n    I.waitForElement(constants.INPUT_BAIDU_SEARCH);\n    I.addMochawesomeContext(\"I.fillField(constants.INPUT_BAIDU_SEARCH, 'ghost');\")\n    I.fillField(constants.INPUT_BAIDU_SEARCH, 'ghost');\n    I.addMochawesomeContext(\"I.click(constants.SUBMIT);\")\n    I.click(constants.SUBMIT);\n    I.addMochawesomeContext(\"I.see('百度为您找到以下结果');\")\n    I.see('百度为您找到以下结果');",
              "err": {
                "message": "Error: element ({css: input[id=3333kw]}) still not present on page after 1 sec\nWaiting for selector `input[id=3333kw]` failed: Waiting failed: 1000ms exceeded",
                "estack": "Error: element ({css: input[id=3333kw]}) still not present on page after 1 sec\nWaiting for selector `input[id=3333kw]` failed: Waiting failed: 1000ms exceeded\n    at E:\\codes\\ui-automation\\node_modules\\codeceptjs\\lib\\helper\\Puppeteer.js:2148:13",
                "diff": null
              },
              "uuid": "4ee52845-0b99-46fe-8208-46dc1821d13e",
              "parentUUID": "b3ee26dd-178c-4da2-bbb6-8c5af66f70c1",
              "isHook": false,
              "skipped": false
            }
          ],
          "suites": [],
          "passes": [],
          "failures": [
            "4ee52845-0b99-46fe-8208-46dc1821d13e"
          ],
          "pending": [],
          "skipped": [],
          "duration": 2714,
          "root": false,
          "rootEmpty": false,
          "_timeout": 0
        }
      ],
      "passes": [],
      "failures": [],
      "pending": [],
      "skipped": [],
      "duration": 0,
      "root": true,
      "rootEmpty": true,
      "_timeout": 0
    }
  ],
  "meta": {
    "mocha": {
      "version": "10.4.0"
    },
    "mochawesome": {
      "options": {
        "quiet": false,
        "reportFilename": "mochawesome",
        "saveHtml": true,
        "saveJson": true,
        "consoleReporter": "spec",
        "useInlineDiffs": false,
        "code": true
      },
      "version": "7.1.3"
    },
    "marge": {
      "options": {
        "reportDir": "output",
        "codeceptjs/lib/cli": {
          "stdout": "-",
          "options": {
            "verbose": false,
            "steps": true
          }
        }
      },
      "version": "6.2.0"
    }
  }
}